03:10:52.865 [main] DEBUG com.intuit.karate.Suite - [config] classpath:karate-config.js
03:10:53.995 [main] INFO  com.intuit.karate - karate.env system property was: null 
03:10:54.259 [main] DEBUG com.intuit.karate - request:
1 > GET https://jsonplaceholder.typicode.com/users
1 > Host: jsonplaceholder.typicode.com
1 > Connection: Keep-Alive
1 > User-Agent: Apache-HttpClient/4.5.14 (Java/17.0.9)
1 > Accept-Encoding: gzip,deflate


03:10:54.822 [main] DEBUG com.intuit.karate - response time in milliseconds: 558
1 < 200
1 < Date: Thu, 30 Nov 2023 08:11:00 GMT
1 < Content-Type: application/json; charset=utf-8
1 < Transfer-Encoding: chunked
1 < Connection: keep-alive
1 < Report-To: {"group":"heroku-nel","max_age":3600,"endpoints":[{"url":"https://nel.heroku.com/reports?ts=1701331524&sid=e11707d5-02a7-43ef-b45e-2cf4d2036f7d&s=Uvn6xwrTWkF%2Bi0fBADB8hZp6Y%2BDRKsahnVzPA2GtTdw%3D"}]}
1 < Reporting-Endpoints: heroku-nel=https://nel.heroku.com/reports?ts=1701331524&sid=e11707d5-02a7-43ef-b45e-2cf4d2036f7d&s=Uvn6xwrTWkF%2Bi0fBADB8hZp6Y%2BDRKsahnVzPA2GtTdw%3D
1 < Nel: {"report_to":"heroku-nel","max_age":3600,"success_fraction":0.005,"failure_fraction":0.05,"response_headers":["Via"]}
1 < X-Powered-By: Express
1 < X-Ratelimit-Limit: 1000
1 < X-Ratelimit-Remaining: 999
1 < X-Ratelimit-Reset: 1701331570
1 < Vary: Origin, Accept-Encoding
1 < Access-Control-Allow-Credentials: true
1 < Cache-Control: max-age=43200
1 < Pragma: no-cache
1 < Expires: -1
1 < X-Content-Type-Options: nosniff
1 < Etag: W/"160d-1eMSsxeJRfnVLRBmYJSbCiJZ1qQ"
1 < Via: 1.1 vegur
1 < CF-Cache-Status: HIT
1 < Age: 336
1 < Server: cloudflare
1 < CF-RAY: 82e19dfe0c3f7416-MIA
1 < alt-svc: h3=":443"; ma=86400
[
  {
    "id": 1,
    "name": "Leanne Graham",
    "username": "Bret",
    "email": "Sincere@april.biz",
    "address": {
      "street": "Kulas Light",
      "suite": "Apt. 556",
      "city": "Gwenborough",
      "zipcode": "92998-3874",
      "geo": {
        "lat": "-37.3159",
        "lng": "81.1496"
      }
    },
    "phone": "1-770-736-8031 x56442",
    "website": "hildegard.org",
    "company": {
      "name": "Romaguera-Crona",
      "catchPhrase": "Multi-layered client-server neural-net",
      "bs": "harness real-time e-markets"
    }
  },
  {
    "id": 2,
    "name": "Ervin Howell",
    "username": "Antonette",
    "email": "Shanna@melissa.tv",
    "address": {
      "street": "Victor Plains",
      "suite": "Suite 879",
      "city": "Wisokyburgh",
      "zipcode": "90566-7771",
      "geo": {
        "lat": "-43.9509",
        "lng": "-34.4618"
      }
    },
    "phone": "010-692-6593 x09125",
    "website": "anastasia.net",
    "company": {
      "name": "Deckow-Crist",
      "catchPhrase": "Proactive didactic contingency",
      "bs": "synergize scalable supply-chains"
    }
  },
  {
    "id": 3,
    "name": "Clementine Bauch",
    "username": "Samantha",
    "email": "Nathan@yesenia.net",
    "address": {
      "street": "Douglas Extension",
      "suite": "Suite 847",
      "city": "McKenziehaven",
      "zipcode": "59590-4157",
      "geo": {
        "lat": "-68.6102",
        "lng": "-47.0653"
      }
    },
    "phone": "1-463-123-4447",
    "website": "ramiro.info",
    "company": {
      "name": "Romaguera-Jacobson",
      "catchPhrase": "Face to face bifurcated interface",
      "bs": "e-enable strategic applications"
    }
  },
  {
    "id": 4,
    "name": "Patricia Lebsack",
    "username": "Karianne",
    "email": "Julianne.OConner@kory.org",
    "address": {
      "street": "Hoeger Mall",
      "suite": "Apt. 692",
      "city": "South Elvis",
      "zipcode": "53919-4257",
      "geo": {
        "lat": "29.4572",
        "lng": "-164.2990"
      }
    },
    "phone": "493-170-9623 x156",
    "website": "kale.biz",
    "company": {
      "name": "Robel-Corkery",
      "catchPhrase": "Multi-tiered zero tolerance productivity",
      "bs": "transition cutting-edge web services"
    }
  },
  {
    "id": 5,
    "name": "Chelsey Dietrich",
    "username": "Kamren",
    "email": "Lucio_Hettinger@annie.ca",
    "address": {
      "street": "Skiles Walks",
      "suite": "Suite 351",
      "city": "Roscoeview",
      "zipcode": "33263",
      "geo": {
        "lat": "-31.8129",
        "lng": "62.5342"
      }
    },
    "phone": "(254)954-1289",
    "website": "demarco.info",
    "company": {
      "name": "Keebler LLC",
      "catchPhrase": "User-centric fault-tolerant solution",
      "bs": "revolutionize end-to-end systems"
    }
  },
  {
    "id": 6,
    "name": "Mrs. Dennis Schulist",
    "username": "Leopoldo_Corkery",
    "email": "Karley_Dach@jasper.info",
    "address": {
      "street": "Norberto Crossing",
      "suite": "Apt. 950",
      "city": "South Christy",
      "zipcode": "23505-1337",
      "geo": {
        "lat": "-71.4197",
        "lng": "71.7478"
      }
    },
    "phone": "1-477-935-8478 x6430",
    "website": "ola.org",
    "company": {
      "name": "Considine-Lockman",
      "catchPhrase": "Synchronised bottom-line interface",
      "bs": "e-enable innovative applications"
    }
  },
  {
    "id": 7,
    "name": "Kurtis Weissnat",
    "username": "Elwyn.Skiles",
    "email": "Telly.Hoeger@billy.biz",
    "address": {
      "street": "Rex Trail",
      "suite": "Suite 280",
      "city": "Howemouth",
      "zipcode": "58804-1099",
      "geo": {
        "lat": "24.8918",
        "lng": "21.8984"
      }
    },
    "phone": "210.067.6132",
    "website": "elvis.io",
    "company": {
      "name": "Johns Group",
      "catchPhrase": "Configurable multimedia task-force",
      "bs": "generate enterprise e-tailers"
    }
  },
  {
    "id": 8,
    "name": "Nicholas Runolfsdottir V",
    "username": "Maxime_Nienow",
    "email": "Sherwood@rosamond.me",
    "address": {
      "street": "Ellsworth Summit",
      "suite": "Suite 729",
      "city": "Aliyaview",
      "zipcode": "45169",
      "geo": {
        "lat": "-14.3990",
        "lng": "-120.7677"
      }
    },
    "phone": "586.493.6943 x140",
    "website": "jacynthe.com",
    "company": {
      "name": "Abernathy Group",
      "catchPhrase": "Implemented secondary concept",
      "bs": "e-enable extensible e-tailers"
    }
  },
  {
    "id": 9,
    "name": "Glenna Reichert",
    "username": "Delphine",
    "email": "Chaim_McDermott@dana.io",
    "address": {
      "street": "Dayna Park",
      "suite": "Suite 449",
      "city": "Bartholomebury",
      "zipcode": "76495-3109",
      "geo": {
        "lat": "24.6463",
        "lng": "-168.8889"
      }
    },
    "phone": "(775)976-6794 x41206",
    "website": "conrad.com",
    "company": {
      "name": "Yost and Sons",
      "catchPhrase": "Switchable contextually-based project",
      "bs": "aggregate real-time technologies"
    }
  },
  {
    "id": 10,
    "name": "Clementina DuBuque",
    "username": "Moriah.Stanton",
    "email": "Rey.Padberg@karina.biz",
    "address": {
      "street": "Kattie Turnpike",
      "suite": "Suite 198",
      "city": "Lebsackbury",
      "zipcode": "31428-2261",
      "geo": {
        "lat": "-38.2386",
        "lng": "57.2232"
      }
    },
    "phone": "024-648-3804",
    "website": "ambrose.net",
    "company": {
      "name": "Hoeger LLC",
      "catchPhrase": "Centralized empowering task-force",
      "bs": "target end-to-end models"
    }
  }
]

03:10:54.868 [main] DEBUG com.intuit.karate - request:
2 > GET https://jsonplaceholder.typicode.com/users/1
2 > Host: jsonplaceholder.typicode.com
2 > Connection: Keep-Alive
2 > User-Agent: Apache-HttpClient/4.5.14 (Java/17.0.9)
2 > Accept-Encoding: gzip,deflate


03:10:55.223 [main] DEBUG com.intuit.karate - response time in milliseconds: 351
2 < 200
2 < Date: Thu, 30 Nov 2023 08:11:00 GMT
2 < Content-Type: application/json; charset=utf-8
2 < Transfer-Encoding: chunked
2 < Connection: keep-alive
2 < Report-To: {"group":"heroku-nel","max_age":3600,"endpoints":[{"url":"https://nel.heroku.com/reports?ts=1701331860&sid=e11707d5-02a7-43ef-b45e-2cf4d2036f7d&s=ymikk16UK95ZL26FM75GJ8Oajy2njJhnQcks5W6tdbM%3D"}]}
2 < Reporting-Endpoints: heroku-nel=https://nel.heroku.com/reports?ts=1701331860&sid=e11707d5-02a7-43ef-b45e-2cf4d2036f7d&s=ymikk16UK95ZL26FM75GJ8Oajy2njJhnQcks5W6tdbM%3D
2 < Nel: {"report_to":"heroku-nel","max_age":3600,"success_fraction":0.005,"failure_fraction":0.05,"response_headers":["Via"]}
2 < X-Powered-By: Express
2 < X-Ratelimit-Limit: 1000
2 < X-Ratelimit-Remaining: 999
2 < X-Ratelimit-Reset: 1701331870
2 < Vary: Origin, Accept-Encoding
2 < Access-Control-Allow-Credentials: true
2 < Cache-Control: max-age=43200
2 < Pragma: no-cache
2 < Expires: -1
2 < X-Content-Type-Options: nosniff
2 < Etag: W/"1fd-+2Y3G3w049iSZtw5t1mzSnunngE"
2 < Via: 1.1 vegur
2 < CF-Cache-Status: MISS
2 < Server: cloudflare
2 < CF-RAY: 82e19e001fb1224b-MIA
2 < alt-svc: h3=":443"; ma=86400
{
  "id": 1,
  "name": "Leanne Graham",
  "username": "Bret",
  "email": "Sincere@april.biz",
  "address": {
    "street": "Kulas Light",
    "suite": "Apt. 556",
    "city": "Gwenborough",
    "zipcode": "92998-3874",
    "geo": {
      "lat": "-37.3159",
      "lng": "81.1496"
    }
  },
  "phone": "1-770-736-8031 x56442",
  "website": "hildegard.org",
  "company": {
    "name": "Romaguera-Crona",
    "catchPhrase": "Multi-layered client-server neural-net",
    "bs": "harness real-time e-markets"
  }
}

03:10:55.256 [main] INFO  com.intuit.karate - karate.env system property was: null 
03:10:55.339 [main] DEBUG com.intuit.karate - request:
1 > POST https://jsonplaceholder.typicode.com/users
1 > Content-Type: application/json; charset=UTF-8
1 > Content-Length: 160
1 > Host: jsonplaceholder.typicode.com
1 > Connection: Keep-Alive
1 > User-Agent: Apache-HttpClient/4.5.14 (Java/17.0.9)
1 > Accept-Encoding: gzip,deflate
{"name":"Test User","username":"testuser","email":"test@user.com","address":{"street":"Has No Name","suite":"Apt. 123","city":"Electri","zipcode":"54321-6789"}}

03:10:55.709 [main] DEBUG com.intuit.karate - response time in milliseconds: 369
1 < 201
1 < Date: Thu, 30 Nov 2023 08:11:01 GMT
1 < Content-Type: application/json; charset=utf-8
1 < Content-Length: 216
1 < Connection: keep-alive
1 < Report-To: {"group":"heroku-nel","max_age":3600,"endpoints":[{"url":"https://nel.heroku.com/reports?ts=1701331861&sid=e11707d5-02a7-43ef-b45e-2cf4d2036f7d&s=59BJnELp68r2vIhFij%2Bv7f8V2wW3GKT5JEKn8i7S8TY%3D"}]}
1 < Reporting-Endpoints: heroku-nel=https://nel.heroku.com/reports?ts=1701331861&sid=e11707d5-02a7-43ef-b45e-2cf4d2036f7d&s=59BJnELp68r2vIhFij%2Bv7f8V2wW3GKT5JEKn8i7S8TY%3D
1 < Nel: {"report_to":"heroku-nel","max_age":3600,"success_fraction":0.005,"failure_fraction":0.05,"response_headers":["Via"]}
1 < X-Powered-By: Express
1 < X-Ratelimit-Limit: 1000
1 < X-Ratelimit-Remaining: 998
1 < X-Ratelimit-Reset: 1701331870
1 < Vary: Origin, X-HTTP-Method-Override, Accept-Encoding
1 < Access-Control-Allow-Credentials: true
1 < Cache-Control: no-cache
1 < Pragma: no-cache
1 < Expires: -1
1 < Access-Control-Expose-Headers: Location
1 < Location: https://jsonplaceholder.typicode.com/users/11
1 < X-Content-Type-Options: nosniff
1 < Etag: W/"d8-pYV7+YuMGP2hxHPU9ARrf97ifDA"
1 < Via: 1.1 vegur
1 < CF-Cache-Status: DYNAMIC
1 < Server: cloudflare
1 < CF-RAY: 82e19e03297d8d9a-MIA
1 < alt-svc: h3=":443"; ma=86400
{
  "name": "Test User",
  "username": "testuser",
  "email": "test@user.com",
  "address": {
    "street": "Has No Name",
    "suite": "Apt. 123",
    "city": "Electri",
    "zipcode": "54321-6789"
  },
  "id": 11
}

03:10:55.717 [main] INFO  com.intuit.karate - [print] created id is:  11 
03:36:03.272 [main] DEBUG com.intuit.karate.Suite - [config] classpath:karate-config.js
03:36:04.172 [main] INFO  com.intuit.karate - karate.env system property was: null 
03:36:04.236 [main] ERROR com.intuit.karate - classpath:users/users.feature:9
When method post
incomplete http request, 'url' not set
classpath:users/users.feature:9
03:37:48.651 [main] DEBUG com.intuit.karate.Suite - [config] classpath:karate-config.js
03:37:49.699 [main] INFO  com.intuit.karate - karate.env system property was: null 
03:37:50.103 [main] DEBUG com.intuit.karate - request:
1 > POST https://petstore.swagger.io/v2/users
1 > Content-Type: application/json; charset=UTF-8
1 > Content-Length: 157
1 > Host: petstore.swagger.io
1 > Connection: Keep-Alive
1 > User-Agent: Apache-HttpClient/4.5.14 (Java/17.0.9)
1 > Accept-Encoding: gzip,deflate
[{"id":10,"username":"dchango","firstName":"David","lastName":"Chango","email":"dchango@gmail.com","password":"password","phone":"099912134","userStatus":0}]

03:37:50.783 [main] DEBUG com.intuit.karate - response time in milliseconds: 676
1 < 404
1 < Date: Thu, 30 Nov 2023 08:37:56 GMT
1 < Content-Type: application/xml
1 < Content-Length: 170
1 < Connection: keep-alive
1 < Access-Control-Allow-Origin: *
1 < Access-Control-Allow-Methods: GET, POST, DELETE, PUT
1 < Access-Control-Allow-Headers: Content-Type, api_key, Authorization
1 < Server: Jetty(9.2.9.v20150224)
<?xml version="1.0" encoding="UTF-8" standalone="yes"?><apiResponse><message>null for uri: http://petstore.swagger.io/v2/users</message><type>unknown</type></apiResponse>

03:37:50.805 [main] ERROR com.intuit.karate - classpath:users/users.feature:10
Then status 200
status code was: 404, expected: 200, response time in milliseconds: 676, url: https://petstore.swagger.io/v2/users, response: 
<?xml version="1.0" encoding="UTF-8" standalone="yes"?><apiResponse><message>null for uri: http://petstore.swagger.io/v2/users</message><type>unknown</type></apiResponse>
classpath:users/users.feature:10
03:38:47.676 [main] DEBUG com.intuit.karate.Suite - [config] classpath:karate-config.js
03:38:48.670 [main] INFO  com.intuit.karate - karate.env system property was: null 
03:38:49.014 [main] DEBUG com.intuit.karate - request:
1 > POST https://petstore.swagger.io/v2/users
1 > Accept: application/json
1 > Content-Type: application/json; charset=UTF-8
1 > Content-Length: 157
1 > Host: petstore.swagger.io
1 > Connection: Keep-Alive
1 > User-Agent: Apache-HttpClient/4.5.14 (Java/17.0.9)
1 > Accept-Encoding: gzip,deflate
[{"id":10,"username":"dchango","firstName":"David","lastName":"Chango","email":"dchango@gmail.com","password":"password","phone":"099912134","userStatus":0}]

03:38:49.596 [main] DEBUG com.intuit.karate - response time in milliseconds: 576
1 < 404
1 < Date: Thu, 30 Nov 2023 08:38:54 GMT
1 < Content-Type: application/json
1 < Transfer-Encoding: chunked
1 < Connection: keep-alive
1 < Access-Control-Allow-Origin: *
1 < Access-Control-Allow-Methods: GET, POST, DELETE, PUT
1 < Access-Control-Allow-Headers: Content-Type, api_key, Authorization
1 < Server: Jetty(9.2.9.v20150224)
{"code":404,"type":"unknown","message":"null for uri: http://petstore.swagger.io/v2/users"}

03:38:49.617 [main] ERROR com.intuit.karate - classpath:users/users.feature:11
Then status 200
status code was: 404, expected: 200, response time in milliseconds: 576, url: https://petstore.swagger.io/v2/users, response: 
{"code":404,"type":"unknown","message":"null for uri: http://petstore.swagger.io/v2/users"}
classpath:users/users.feature:11
03:43:58.235 [main] DEBUG com.intuit.karate.Suite - [config] classpath:karate-config.js
03:43:59.081 [main] INFO  com.intuit.karate - karate.env system property was: null 
03:43:59.431 [main] DEBUG com.intuit.karate - request:
1 > POST https://petstore.swagger.io/v2/user/createWithArray
1 > Accept: application/json
1 > Content-Type: application/json; charset=UTF-8
1 > Content-Length: 157
1 > Host: petstore.swagger.io
1 > Connection: Keep-Alive
1 > User-Agent: Apache-HttpClient/4.5.14 (Java/17.0.9)
1 > Accept-Encoding: gzip,deflate
[{"id":10,"username":"dchango","firstName":"David","lastName":"Chango","email":"dchango@gmail.com","password":"password","phone":"099912134","userStatus":0}]

03:44:00.091 [main] DEBUG com.intuit.karate - response time in milliseconds: 654
1 < 200
1 < Date: Thu, 30 Nov 2023 08:44:05 GMT
1 < Content-Type: application/json
1 < Transfer-Encoding: chunked
1 < Connection: keep-alive
1 < Access-Control-Allow-Origin: *
1 < Access-Control-Allow-Methods: GET, POST, DELETE, PUT
1 < Access-Control-Allow-Headers: Content-Type, api_key, Authorization
1 < Server: Jetty(9.2.9.v20150224)
{"code":200,"type":"unknown","message":"ok"}

03:49:25.697 [main] DEBUG com.intuit.karate.Suite - [config] classpath:karate-config.js
03:49:26.793 [main] INFO  com.intuit.karate - karate.env system property was: null 
03:49:27.151 [main] DEBUG com.intuit.karate - request:
1 > GET https://petstore.swagger.io/v2/user
1 > accept: application/json
1 > Host: petstore.swagger.io
1 > Connection: Keep-Alive
1 > User-Agent: Apache-HttpClient/4.5.14 (Java/17.0.9)
1 > Accept-Encoding: gzip,deflate


03:49:27.805 [main] DEBUG com.intuit.karate - response time in milliseconds: 649
1 < 405
1 < Date: Thu, 30 Nov 2023 08:49:33 GMT
1 < Content-Type: application/json
1 < Transfer-Encoding: chunked
1 < Connection: keep-alive
1 < Access-Control-Allow-Origin: *
1 < Access-Control-Allow-Methods: GET, POST, DELETE, PUT
1 < Access-Control-Allow-Headers: Content-Type, api_key, Authorization
1 < Server: Jetty(9.2.9.v20150224)
{"code":405,"type":"unknown"}

03:49:27.824 [main] ERROR com.intuit.karate - classpath:users/users.feature:22
Then status 200
status code was: 405, expected: 200, response time in milliseconds: 649, url: https://petstore.swagger.io/v2/user, response: 
{"code":405,"type":"unknown"}
classpath:users/users.feature:22
03:49:27.853 [main] INFO  com.intuit.karate - karate.env system property was: null 
03:49:27.909 [main] DEBUG com.intuit.karate - request:
1 > POST https://petstore.swagger.io/v2/user/createWithArray
1 > Accept: application/json
1 > Content-Type: application/json; charset=UTF-8
1 > Content-Length: 157
1 > Host: petstore.swagger.io
1 > Connection: Keep-Alive
1 > User-Agent: Apache-HttpClient/4.5.14 (Java/17.0.9)
1 > Accept-Encoding: gzip,deflate
[{"id":10,"username":"dchango","firstName":"David","lastName":"Chango","email":"dchango@gmail.com","password":"password","phone":"099912134","userStatus":0}]

03:49:28.222 [main] DEBUG com.intuit.karate - response time in milliseconds: 311
1 < 200
1 < Date: Thu, 30 Nov 2023 08:49:33 GMT
1 < Content-Type: application/json
1 < Transfer-Encoding: chunked
1 < Connection: keep-alive
1 < Access-Control-Allow-Origin: *
1 < Access-Control-Allow-Methods: GET, POST, DELETE, PUT
1 < Access-Control-Allow-Headers: Content-Type, api_key, Authorization
1 < Server: Jetty(9.2.9.v20150224)
{"code":200,"type":"unknown","message":"ok"}

03:50:39.365 [main] DEBUG com.intuit.karate.Suite - [config] classpath:karate-config.js
03:50:40.450 [main] INFO  com.intuit.karate - karate.env system property was: null 
03:50:40.816 [main] DEBUG com.intuit.karate - request:
1 > POST https://petstore.swagger.io/v2/user/createWithArray
1 > Accept: application/json
1 > Host: petstore.swagger.io
1 > Connection: Keep-Alive
1 > User-Agent: Apache-HttpClient/4.5.14 (Java/17.0.9)
1 > Accept-Encoding: gzip,deflate


03:50:41.579 [main] DEBUG com.intuit.karate - response time in milliseconds: 759
1 < 415
1 < Date: Thu, 30 Nov 2023 08:50:46 GMT
1 < Content-Type: application/json
1 < Transfer-Encoding: chunked
1 < Connection: keep-alive
1 < Access-Control-Allow-Origin: *
1 < Access-Control-Allow-Methods: GET, POST, DELETE, PUT
1 < Access-Control-Allow-Headers: Content-Type, api_key, Authorization
1 < Server: Jetty(9.2.9.v20150224)
{"code":415,"type":"unknown","message":"com.sun.jersey.api.MessageException: A message body reader for Java class [Lio.swagger.sample.model.User;, and Java type class [Lio.swagger.sample.model.User;, and MIME media type application/octet-stream was not found.\nThe registered message body readers compatible with the MIME media type are:\n*/* ->\n  com.sun.jersey.core.impl.provider.entity.FormProvider\n  com.sun.jersey.core.impl.provider.entity.StringProvider\n  com.sun.jersey.core.impl.provider.entity.ByteArrayProvider\n  com.sun.jersey.core.impl.provider.entity.FileProvider\n  com.sun.jersey.core.impl.provider.entity.InputStreamProvider\n  com.sun.jersey.core.impl.provider.entity.DataSourceProvider\n  com.sun.jersey.core.impl.provider.entity.XMLJAXBElementProvider$General\n  com.sun.jersey.core.impl.provider.entity.ReaderProvider\n  com.sun.jersey.core.impl.provider.entity.DocumentProvider\n  com.sun.jersey.core.impl.provider.entity.SourceProvider$StreamSourceReader\n  com.sun.jersey.core.impl.provider.entity.SourceProvider$SAXSourceReader\n  com.sun.jersey.core.impl.provider.entity.SourceProvider$DOMSourceReader\n  com.sun.jersey.json.impl.provider.entity.JSONJAXBElementProvider$General\n  com.sun.jersey.json.impl.provider.entity.JSONArrayProvider$General\n  com.sun.jersey.json.impl.provider.entity.JSONObjectProvider$General\n  com.fasterxml.jackson.jaxrs.json.JacksonJsonProvider\n  com.sun.jersey.core.impl.provider.entity.XMLRootElementProvider$General\n  com.sun.jersey.core.impl.provider.entity.XMLListElementProvider$General\n  com.sun.jersey.core.impl.provider.entity.XMLRootObjectProvider$General\n  com.sun.jersey.core.impl.provider.entity.EntityHolderReader\n  com.sun.jersey.json.impl.provider.entity.JSONRootElementProvider$General\n  com.sun.jersey.json.impl.provider.entity.JSONListElementProvider$General\n  com.sun.jersey.json.impl.provider.entity.JacksonProviderProxy\napplication/octet-stream ->\n  com.sun.jersey.core.impl.provider.entity.ByteArrayProvider\n  com.sun.jersey.core.impl.provider.entity.FileProvider\n  com.sun.jersey.core.impl.provider.entity.InputStreamProvider\n  com.sun.jersey.core.impl.provider.entity.DataSourceProvider\n  com.sun.jersey.core.impl.provider.entity.RenderedImageProvider\n"}

03:50:41.592 [main] ERROR com.intuit.karate - classpath:users/users.feature:22
Then status 200
status code was: 415, expected: 200, response time in milliseconds: 759, url: https://petstore.swagger.io/v2/user/createWithArray, response: 
{"code":415,"type":"unknown","message":"com.sun.jersey.api.MessageException: A message body reader for Java class [Lio.swagger.sample.model.User;, and Java type class [Lio.swagger.sample.model.User;, and MIME media type application/octet-stream was not found.\nThe registered message body readers compatible with the MIME media type are:\n*/* ->\n  com.sun.jersey.core.impl.provider.entity.FormProvider\n  com.sun.jersey.core.impl.provider.entity.StringProvider\n  com.sun.jersey.core.impl.provider.entity.ByteArrayProvider\n  com.sun.jersey.core.impl.provider.entity.FileProvider\n  com.sun.jersey.core.impl.provider.entity.InputStreamProvider\n  com.sun.jersey.core.impl.provider.entity.DataSourceProvider\n  com.sun.jersey.core.impl.provider.entity.XMLJAXBElementProvider$General\n  com.sun.jersey.core.impl.provider.entity.ReaderProvider\n  com.sun.jersey.core.impl.provider.entity.DocumentProvider\n  com.sun.jersey.core.impl.provider.entity.SourceProvider$StreamSourceReader\n  com.sun.jersey.core.impl.provider.entity.SourceProvider$SAXSourceReader\n  com.sun.jersey.core.impl.provider.entity.SourceProvider$DOMSourceReader\n  com.sun.jersey.json.impl.provider.entity.JSONJAXBElementProvider$General\n  com.sun.jersey.json.impl.provider.entity.JSONArrayProvider$General\n  com.sun.jersey.json.impl.provider.entity.JSONObjectProvider$General\n  com.fasterxml.jackson.jaxrs.json.JacksonJsonProvider\n  com.sun.jersey.core.impl.provider.entity.XMLRootElementProvider$General\n  com.sun.jersey.core.impl.provider.entity.XMLListElementProvider$General\n  com.sun.jersey.core.impl.provider.entity.XMLRootObjectProvider$General\n  com.sun.jersey.core.impl.provider.entity.EntityHolderReader\n  com.sun.jersey.json.impl.provider.entity.JSONRootElementProvider$General\n  com.sun.jersey.json.impl.provider.entity.JSONListElementProvider$General\n  com.sun.jersey.json.impl.provider.entity.JacksonProviderProxy\napplication/octet-stream ->\n  com.sun.jersey.core.impl.provider.entity.ByteArrayProvider\n  com.sun.jersey.core.impl.provider.entity.FileProvider\n  com.sun.jersey.core.impl.provider.entity.InputStreamProvider\n  com.sun.jersey.core.impl.provider.entity.DataSourceProvider\n  com.sun.jersey.core.impl.provider.entity.RenderedImageProvider\n"}
classpath:users/users.feature:22
03:50:41.628 [main] INFO  com.intuit.karate - karate.env system property was: null 
03:50:41.643 [main] DEBUG com.intuit.karate - request:
1 > POST https://petstore.swagger.io/v2/user
1 > Accept: application/json
1 > Host: petstore.swagger.io
1 > Connection: Keep-Alive
1 > User-Agent: Apache-HttpClient/4.5.14 (Java/17.0.9)
1 > Accept-Encoding: gzip,deflate


03:50:41.943 [main] DEBUG com.intuit.karate - response time in milliseconds: 298
1 < 415
1 < Date: Thu, 30 Nov 2023 08:50:47 GMT
1 < Content-Type: application/json
1 < Transfer-Encoding: chunked
1 < Connection: keep-alive
1 < Access-Control-Allow-Origin: *
1 < Access-Control-Allow-Methods: GET, POST, DELETE, PUT
1 < Access-Control-Allow-Headers: Content-Type, api_key, Authorization
1 < Server: Jetty(9.2.9.v20150224)
{"code":415,"type":"unknown","message":"com.sun.jersey.api.MessageException: A message body reader for Java class io.swagger.sample.model.User, and Java type class io.swagger.sample.model.User, and MIME media type application/octet-stream was not found.\nThe registered message body readers compatible with the MIME media type are:\n*/* ->\n  com.sun.jersey.core.impl.provider.entity.FormProvider\n  com.sun.jersey.core.impl.provider.entity.StringProvider\n  com.sun.jersey.core.impl.provider.entity.ByteArrayProvider\n  com.sun.jersey.core.impl.provider.entity.FileProvider\n  com.sun.jersey.core.impl.provider.entity.InputStreamProvider\n  com.sun.jersey.core.impl.provider.entity.DataSourceProvider\n  com.sun.jersey.core.impl.provider.entity.XMLJAXBElementProvider$General\n  com.sun.jersey.core.impl.provider.entity.ReaderProvider\n  com.sun.jersey.core.impl.provider.entity.DocumentProvider\n  com.sun.jersey.core.impl.provider.entity.SourceProvider$StreamSourceReader\n  com.sun.jersey.core.impl.provider.entity.SourceProvider$SAXSourceReader\n  com.sun.jersey.core.impl.provider.entity.SourceProvider$DOMSourceReader\n  com.sun.jersey.json.impl.provider.entity.JSONJAXBElementProvider$General\n  com.sun.jersey.json.impl.provider.entity.JSONArrayProvider$General\n  com.sun.jersey.json.impl.provider.entity.JSONObjectProvider$General\n  com.fasterxml.jackson.jaxrs.json.JacksonJsonProvider\n  com.sun.jersey.core.impl.provider.entity.XMLRootElementProvider$General\n  com.sun.jersey.core.impl.provider.entity.XMLListElementProvider$General\n  com.sun.jersey.core.impl.provider.entity.XMLRootObjectProvider$General\n  com.sun.jersey.core.impl.provider.entity.EntityHolderReader\n  com.sun.jersey.json.impl.provider.entity.JSONRootElementProvider$General\n  com.sun.jersey.json.impl.provider.entity.JSONListElementProvider$General\n  com.sun.jersey.json.impl.provider.entity.JacksonProviderProxy\napplication/octet-stream ->\n  com.sun.jersey.core.impl.provider.entity.ByteArrayProvider\n  com.sun.jersey.core.impl.provider.entity.FileProvider\n  com.sun.jersey.core.impl.provider.entity.InputStreamProvider\n  com.sun.jersey.core.impl.provider.entity.DataSourceProvider\n  com.sun.jersey.core.impl.provider.entity.RenderedImageProvider\n"}

03:50:41.946 [main] ERROR com.intuit.karate - classpath:users/users.feature:28
Then status 200
status code was: 415, expected: 200, response time in milliseconds: 298, url: https://petstore.swagger.io/v2/user, response: 
{"code":415,"type":"unknown","message":"com.sun.jersey.api.MessageException: A message body reader for Java class io.swagger.sample.model.User, and Java type class io.swagger.sample.model.User, and MIME media type application/octet-stream was not found.\nThe registered message body readers compatible with the MIME media type are:\n*/* ->\n  com.sun.jersey.core.impl.provider.entity.FormProvider\n  com.sun.jersey.core.impl.provider.entity.StringProvider\n  com.sun.jersey.core.impl.provider.entity.ByteArrayProvider\n  com.sun.jersey.core.impl.provider.entity.FileProvider\n  com.sun.jersey.core.impl.provider.entity.InputStreamProvider\n  com.sun.jersey.core.impl.provider.entity.DataSourceProvider\n  com.sun.jersey.core.impl.provider.entity.XMLJAXBElementProvider$General\n  com.sun.jersey.core.impl.provider.entity.ReaderProvider\n  com.sun.jersey.core.impl.provider.entity.DocumentProvider\n  com.sun.jersey.core.impl.provider.entity.SourceProvider$StreamSourceReader\n  com.sun.jersey.core.impl.provider.entity.SourceProvider$SAXSourceReader\n  com.sun.jersey.core.impl.provider.entity.SourceProvider$DOMSourceReader\n  com.sun.jersey.json.impl.provider.entity.JSONJAXBElementProvider$General\n  com.sun.jersey.json.impl.provider.entity.JSONArrayProvider$General\n  com.sun.jersey.json.impl.provider.entity.JSONObjectProvider$General\n  com.fasterxml.jackson.jaxrs.json.JacksonJsonProvider\n  com.sun.jersey.core.impl.provider.entity.XMLRootElementProvider$General\n  com.sun.jersey.core.impl.provider.entity.XMLListElementProvider$General\n  com.sun.jersey.core.impl.provider.entity.XMLRootObjectProvider$General\n  com.sun.jersey.core.impl.provider.entity.EntityHolderReader\n  com.sun.jersey.json.impl.provider.entity.JSONRootElementProvider$General\n  com.sun.jersey.json.impl.provider.entity.JSONListElementProvider$General\n  com.sun.jersey.json.impl.provider.entity.JacksonProviderProxy\napplication/octet-stream ->\n  com.sun.jersey.core.impl.provider.entity.ByteArrayProvider\n  com.sun.jersey.core.impl.provider.entity.FileProvider\n  com.sun.jersey.core.impl.provider.entity.InputStreamProvider\n  com.sun.jersey.core.impl.provider.entity.DataSourceProvider\n  com.sun.jersey.core.impl.provider.entity.RenderedImageProvider\n"}
classpath:users/users.feature:28
03:51:32.844 [main] DEBUG com.intuit.karate.Suite - [config] classpath:karate-config.js
03:51:33.952 [main] INFO  com.intuit.karate - karate.env system property was: null 
03:51:34.340 [main] DEBUG com.intuit.karate - request:
1 > POST https://petstore.swagger.io/v2/user/createWithArray
1 > Accept: application/json
1 > Content-Type: application/json; charset=UTF-8
1 > Content-Length: 158
1 > Host: petstore.swagger.io
1 > Connection: Keep-Alive
1 > User-Agent: Apache-HttpClient/4.5.14 (Java/17.0.9)
1 > Accept-Encoding: gzip,deflate
[{"id":100,"username":"dchango","firstName":"David","lastName":"Chango","email":"dchango@gmail.com","password":"password","phone":"099912134","userStatus":0}]

03:51:34.937 [main] DEBUG com.intuit.karate - response time in milliseconds: 592
1 < 200
1 < Date: Thu, 30 Nov 2023 08:51:40 GMT
1 < Content-Type: application/json
1 < Transfer-Encoding: chunked
1 < Connection: keep-alive
1 < Access-Control-Allow-Origin: *
1 < Access-Control-Allow-Methods: GET, POST, DELETE, PUT
1 < Access-Control-Allow-Headers: Content-Type, api_key, Authorization
1 < Server: Jetty(9.2.9.v20150224)
{"code":200,"type":"unknown","message":"ok"}

03:51:34.966 [main] INFO  com.intuit.karate - karate.env system property was: null 
03:51:34.976 [main] DEBUG com.intuit.karate - request:
1 > POST https://petstore.swagger.io/v2/user
1 > Accept: application/json
1 > Host: petstore.swagger.io
1 > Connection: Keep-Alive
1 > User-Agent: Apache-HttpClient/4.5.14 (Java/17.0.9)
1 > Accept-Encoding: gzip,deflate


03:51:35.277 [main] DEBUG com.intuit.karate - response time in milliseconds: 299
1 < 415
1 < Date: Thu, 30 Nov 2023 08:51:40 GMT
1 < Content-Type: application/json
1 < Transfer-Encoding: chunked
1 < Connection: keep-alive
1 < Access-Control-Allow-Origin: *
1 < Access-Control-Allow-Methods: GET, POST, DELETE, PUT
1 < Access-Control-Allow-Headers: Content-Type, api_key, Authorization
1 < Server: Jetty(9.2.9.v20150224)
{"code":415,"type":"unknown","message":"com.sun.jersey.api.MessageException: A message body reader for Java class io.swagger.sample.model.User, and Java type class io.swagger.sample.model.User, and MIME media type application/octet-stream was not found.\nThe registered message body readers compatible with the MIME media type are:\n*/* ->\n  com.sun.jersey.core.impl.provider.entity.FormProvider\n  com.sun.jersey.core.impl.provider.entity.StringProvider\n  com.sun.jersey.core.impl.provider.entity.ByteArrayProvider\n  com.sun.jersey.core.impl.provider.entity.FileProvider\n  com.sun.jersey.core.impl.provider.entity.InputStreamProvider\n  com.sun.jersey.core.impl.provider.entity.DataSourceProvider\n  com.sun.jersey.core.impl.provider.entity.XMLJAXBElementProvider$General\n  com.sun.jersey.core.impl.provider.entity.ReaderProvider\n  com.sun.jersey.core.impl.provider.entity.DocumentProvider\n  com.sun.jersey.core.impl.provider.entity.SourceProvider$StreamSourceReader\n  com.sun.jersey.core.impl.provider.entity.SourceProvider$SAXSourceReader\n  com.sun.jersey.core.impl.provider.entity.SourceProvider$DOMSourceReader\n  com.sun.jersey.json.impl.provider.entity.JSONJAXBElementProvider$General\n  com.sun.jersey.json.impl.provider.entity.JSONArrayProvider$General\n  com.sun.jersey.json.impl.provider.entity.JSONObjectProvider$General\n  com.fasterxml.jackson.jaxrs.json.JacksonJsonProvider\n  com.sun.jersey.core.impl.provider.entity.XMLRootElementProvider$General\n  com.sun.jersey.core.impl.provider.entity.XMLListElementProvider$General\n  com.sun.jersey.core.impl.provider.entity.XMLRootObjectProvider$General\n  com.sun.jersey.core.impl.provider.entity.EntityHolderReader\n  com.sun.jersey.json.impl.provider.entity.JSONRootElementProvider$General\n  com.sun.jersey.json.impl.provider.entity.JSONListElementProvider$General\n  com.sun.jersey.json.impl.provider.entity.JacksonProviderProxy\napplication/octet-stream ->\n  com.sun.jersey.core.impl.provider.entity.ByteArrayProvider\n  com.sun.jersey.core.impl.provider.entity.FileProvider\n  com.sun.jersey.core.impl.provider.entity.InputStreamProvider\n  com.sun.jersey.core.impl.provider.entity.DataSourceProvider\n  com.sun.jersey.core.impl.provider.entity.RenderedImageProvider\n"}

03:51:35.285 [main] ERROR com.intuit.karate - classpath:users/users.feature:29
Then status 200
status code was: 415, expected: 200, response time in milliseconds: 299, url: https://petstore.swagger.io/v2/user, response: 
{"code":415,"type":"unknown","message":"com.sun.jersey.api.MessageException: A message body reader for Java class io.swagger.sample.model.User, and Java type class io.swagger.sample.model.User, and MIME media type application/octet-stream was not found.\nThe registered message body readers compatible with the MIME media type are:\n*/* ->\n  com.sun.jersey.core.impl.provider.entity.FormProvider\n  com.sun.jersey.core.impl.provider.entity.StringProvider\n  com.sun.jersey.core.impl.provider.entity.ByteArrayProvider\n  com.sun.jersey.core.impl.provider.entity.FileProvider\n  com.sun.jersey.core.impl.provider.entity.InputStreamProvider\n  com.sun.jersey.core.impl.provider.entity.DataSourceProvider\n  com.sun.jersey.core.impl.provider.entity.XMLJAXBElementProvider$General\n  com.sun.jersey.core.impl.provider.entity.ReaderProvider\n  com.sun.jersey.core.impl.provider.entity.DocumentProvider\n  com.sun.jersey.core.impl.provider.entity.SourceProvider$StreamSourceReader\n  com.sun.jersey.core.impl.provider.entity.SourceProvider$SAXSourceReader\n  com.sun.jersey.core.impl.provider.entity.SourceProvider$DOMSourceReader\n  com.sun.jersey.json.impl.provider.entity.JSONJAXBElementProvider$General\n  com.sun.jersey.json.impl.provider.entity.JSONArrayProvider$General\n  com.sun.jersey.json.impl.provider.entity.JSONObjectProvider$General\n  com.fasterxml.jackson.jaxrs.json.JacksonJsonProvider\n  com.sun.jersey.core.impl.provider.entity.XMLRootElementProvider$General\n  com.sun.jersey.core.impl.provider.entity.XMLListElementProvider$General\n  com.sun.jersey.core.impl.provider.entity.XMLRootObjectProvider$General\n  com.sun.jersey.core.impl.provider.entity.EntityHolderReader\n  com.sun.jersey.json.impl.provider.entity.JSONRootElementProvider$General\n  com.sun.jersey.json.impl.provider.entity.JSONListElementProvider$General\n  com.sun.jersey.json.impl.provider.entity.JacksonProviderProxy\napplication/octet-stream ->\n  com.sun.jersey.core.impl.provider.entity.ByteArrayProvider\n  com.sun.jersey.core.impl.provider.entity.FileProvider\n  com.sun.jersey.core.impl.provider.entity.InputStreamProvider\n  com.sun.jersey.core.impl.provider.entity.DataSourceProvider\n  com.sun.jersey.core.impl.provider.entity.RenderedImageProvider\n"}
classpath:users/users.feature:29
03:52:50.061 [main] DEBUG com.intuit.karate.Suite - [config] classpath:karate-config.js
03:52:51.201 [main] INFO  com.intuit.karate - karate.env system property was: null 
03:52:51.631 [main] DEBUG com.intuit.karate - request:
1 > POST https://petstore.swagger.io/v2/user/createWithArray
1 > Accept: application/json
1 > Content-Type: application/json; charset=UTF-8
1 > Content-Length: 158
1 > Host: petstore.swagger.io
1 > Connection: Keep-Alive
1 > User-Agent: Apache-HttpClient/4.5.14 (Java/17.0.9)
1 > Accept-Encoding: gzip,deflate
[{"id":100,"username":"dchango","firstName":"David","lastName":"Chango","email":"dchango@gmail.com","password":"password","phone":"099912134","userStatus":0}]

03:52:52.398 [main] DEBUG com.intuit.karate - response time in milliseconds: 764
1 < 200
1 < Date: Thu, 30 Nov 2023 08:52:57 GMT
1 < Content-Type: application/json
1 < Transfer-Encoding: chunked
1 < Connection: keep-alive
1 < Access-Control-Allow-Origin: *
1 < Access-Control-Allow-Methods: GET, POST, DELETE, PUT
1 < Access-Control-Allow-Headers: Content-Type, api_key, Authorization
1 < Server: Jetty(9.2.9.v20150224)
{"code":200,"type":"unknown","message":"ok"}

03:52:52.420 [main] INFO  com.intuit.karate - karate.env system property was: null 
03:52:52.431 [main] DEBUG com.intuit.karate - request:
1 > GET https://petstore.swagger.io/v2/user
1 > Accept: application/json
1 > Host: petstore.swagger.io
1 > Connection: Keep-Alive
1 > User-Agent: Apache-HttpClient/4.5.14 (Java/17.0.9)
1 > Accept-Encoding: gzip,deflate


03:52:52.755 [main] DEBUG com.intuit.karate - response time in milliseconds: 323
1 < 405
1 < Date: Thu, 30 Nov 2023 08:52:58 GMT
1 < Content-Type: application/json
1 < Transfer-Encoding: chunked
1 < Connection: keep-alive
1 < Access-Control-Allow-Origin: *
1 < Access-Control-Allow-Methods: GET, POST, DELETE, PUT
1 < Access-Control-Allow-Headers: Content-Type, api_key, Authorization
1 < Server: Jetty(9.2.9.v20150224)
{"code":405,"type":"unknown"}

03:52:52.765 [main] ERROR com.intuit.karate - classpath:users/users.feature:29
Then status 200
status code was: 405, expected: 200, response time in milliseconds: 323, url: https://petstore.swagger.io/v2/user, response: 
{"code":405,"type":"unknown"}
classpath:users/users.feature:29
03:53:32.063 [main] DEBUG com.intuit.karate.Suite - [config] classpath:karate-config.js
03:53:33.145 [main] INFO  com.intuit.karate - karate.env system property was: null 
03:53:33.553 [main] DEBUG com.intuit.karate - request:
1 > POST https://petstore.swagger.io/v2/user/createWithArray
1 > Accept: application/json
1 > Content-Type: application/json; charset=UTF-8
1 > Content-Length: 158
1 > Host: petstore.swagger.io
1 > Connection: Keep-Alive
1 > User-Agent: Apache-HttpClient/4.5.14 (Java/17.0.9)
1 > Accept-Encoding: gzip,deflate
[{"id":100,"username":"dchango","firstName":"David","lastName":"Chango","email":"dchango@gmail.com","password":"password","phone":"099912134","userStatus":0}]

03:53:34.333 [main] DEBUG com.intuit.karate - response time in milliseconds: 773
1 < 200
1 < Date: Thu, 30 Nov 2023 08:53:39 GMT
1 < Content-Type: application/json
1 < Transfer-Encoding: chunked
1 < Connection: keep-alive
1 < Access-Control-Allow-Origin: *
1 < Access-Control-Allow-Methods: GET, POST, DELETE, PUT
1 < Access-Control-Allow-Headers: Content-Type, api_key, Authorization
1 < Server: Jetty(9.2.9.v20150224)
{"code":200,"type":"unknown","message":"ok"}

03:53:34.363 [main] INFO  com.intuit.karate - karate.env system property was: null 
03:53:34.373 [main] DEBUG com.intuit.karate - request:
1 > GET https://petstore.swagger.io/v2/user/dchango
1 > Accept: application/json
1 > Host: petstore.swagger.io
1 > Connection: Keep-Alive
1 > User-Agent: Apache-HttpClient/4.5.14 (Java/17.0.9)
1 > Accept-Encoding: gzip,deflate


03:53:34.733 [main] DEBUG com.intuit.karate - response time in milliseconds: 360
1 < 200
1 < Date: Thu, 30 Nov 2023 08:53:40 GMT
1 < Content-Type: application/json
1 < Transfer-Encoding: chunked
1 < Connection: keep-alive
1 < Access-Control-Allow-Origin: *
1 < Access-Control-Allow-Methods: GET, POST, DELETE, PUT
1 < Access-Control-Allow-Headers: Content-Type, api_key, Authorization
1 < Server: Jetty(9.2.9.v20150224)
{"id":100,"username":"dchango","firstName":"David","lastName":"Chango","email":"dchango@gmail.com","password":"password","phone":"099912134","userStatus":0}

03:59:48.201 [main] DEBUG com.intuit.karate.Suite - [config] classpath:karate-config.js
03:59:48.974 [main] INFO  com.intuit.karate - karate.env system property was: null 
03:59:49.260 [main] DEBUG com.intuit.karate - request:
1 > POST https://petstore.swagger.io/v2/user/createWithArray
1 > Accept: application/json
1 > Content-Type: application/json; charset=UTF-8
1 > Content-Length: 158
1 > Host: petstore.swagger.io
1 > Connection: Keep-Alive
1 > User-Agent: Apache-HttpClient/4.5.14 (Java/17.0.9)
1 > Accept-Encoding: gzip,deflate
[{"id":100,"username":"dchango","firstName":"David","lastName":"Chango","email":"dchango@gmail.com","password":"password","phone":"099912134","userStatus":0}]

03:59:49.965 [main] DEBUG com.intuit.karate - response time in milliseconds: 702
1 < 200
1 < Date: Thu, 30 Nov 2023 08:59:55 GMT
1 < Content-Type: application/json
1 < Transfer-Encoding: chunked
1 < Connection: keep-alive
1 < Access-Control-Allow-Origin: *
1 < Access-Control-Allow-Methods: GET, POST, DELETE, PUT
1 < Access-Control-Allow-Headers: Content-Type, api_key, Authorization
1 < Server: Jetty(9.2.9.v20150224)
{"code":200,"type":"unknown","message":"ok"}

03:59:49.979 [main] INFO  com.intuit.karate - karate.env system property was: null 
03:59:49.986 [main] DEBUG com.intuit.karate - request:
1 > GET https://petstore.swagger.io/v2/user/dchango
1 > Accept: application/json
1 > Host: petstore.swagger.io
1 > Connection: Keep-Alive
1 > User-Agent: Apache-HttpClient/4.5.14 (Java/17.0.9)
1 > Accept-Encoding: gzip,deflate


03:59:50.311 [main] DEBUG com.intuit.karate - response time in milliseconds: 323
1 < 200
1 < Date: Thu, 30 Nov 2023 08:59:55 GMT
1 < Content-Type: application/json
1 < Transfer-Encoding: chunked
1 < Connection: keep-alive
1 < Access-Control-Allow-Origin: *
1 < Access-Control-Allow-Methods: GET, POST, DELETE, PUT
1 < Access-Control-Allow-Headers: Content-Type, api_key, Authorization
1 < Server: Jetty(9.2.9.v20150224)
{"id":100,"username":"dchango","firstName":"David","lastName":"Chango","email":"dchango@gmail.com","password":"password","phone":"099912134","userStatus":0}

03:59:50.317 [main] INFO  com.intuit.karate - karate.env system property was: null 
03:59:50.320 [main] DEBUG com.intuit.karate - request:
1 > PUT https://petstore.swagger.io/v2/user/dchango
1 > Accept: application/json
1 > Content-Type: application/json; charset=UTF-8
1 > Content-Length: 53
1 > Host: petstore.swagger.io
1 > Connection: Keep-Alive
1 > User-Agent: Apache-HttpClient/4.5.14 (Java/17.0.9)
1 > Accept-Encoding: gzip,deflate
{"firstName":"Bernardo","email":"dchango.outlook.es"}

03:59:50.606 [main] DEBUG com.intuit.karate - response time in milliseconds: 286
1 < 200
1 < Date: Thu, 30 Nov 2023 08:59:56 GMT
1 < Content-Type: application/json
1 < Transfer-Encoding: chunked
1 < Connection: keep-alive
1 < Access-Control-Allow-Origin: *
1 < Access-Control-Allow-Methods: GET, POST, DELETE, PUT
1 < Access-Control-Allow-Headers: Content-Type, api_key, Authorization
1 < Server: Jetty(9.2.9.v20150224)
{"code":200,"type":"unknown","message":"0"}

04:04:28.378 [main] DEBUG com.intuit.karate.Suite - [config] classpath:karate-config.js
04:04:29.085 [main] INFO  com.intuit.karate - karate.env system property was: null 
04:04:29.329 [main] DEBUG com.intuit.karate - request:
1 > POST https://petstore.swagger.io/v2/user/createWithArray
1 > Accept: application/json
1 > Content-Type: application/json; charset=UTF-8
1 > Content-Length: 158
1 > Host: petstore.swagger.io
1 > Connection: Keep-Alive
1 > User-Agent: Apache-HttpClient/4.5.14 (Java/17.0.9)
1 > Accept-Encoding: gzip,deflate
[{"id":100,"username":"dchango","firstName":"David","lastName":"Chango","email":"dchango@gmail.com","password":"password","phone":"099912134","userStatus":0}]

04:04:29.931 [main] DEBUG com.intuit.karate - response time in milliseconds: 596
1 < 200
1 < Date: Thu, 30 Nov 2023 09:04:35 GMT
1 < Content-Type: application/json
1 < Transfer-Encoding: chunked
1 < Connection: keep-alive
1 < Access-Control-Allow-Origin: *
1 < Access-Control-Allow-Methods: GET, POST, DELETE, PUT
1 < Access-Control-Allow-Headers: Content-Type, api_key, Authorization
1 < Server: Jetty(9.2.9.v20150224)
{"code":200,"type":"unknown","message":"ok"}

04:04:29.949 [main] INFO  com.intuit.karate - karate.env system property was: null 
04:04:29.957 [main] DEBUG com.intuit.karate - request:
1 > GET https://petstore.swagger.io/v2/user/dchango
1 > Accept: application/json
1 > Host: petstore.swagger.io
1 > Connection: Keep-Alive
1 > User-Agent: Apache-HttpClient/4.5.14 (Java/17.0.9)
1 > Accept-Encoding: gzip,deflate


04:04:30.275 [main] DEBUG com.intuit.karate - response time in milliseconds: 317
1 < 200
1 < Date: Thu, 30 Nov 2023 09:04:35 GMT
1 < Content-Type: application/json
1 < Transfer-Encoding: chunked
1 < Connection: keep-alive
1 < Access-Control-Allow-Origin: *
1 < Access-Control-Allow-Methods: GET, POST, DELETE, PUT
1 < Access-Control-Allow-Headers: Content-Type, api_key, Authorization
1 < Server: Jetty(9.2.9.v20150224)
{"id":10,"username":"dchango","firstName":"David","lastName":"Chango","email":"dchango@gmail.com","password":"password","phone":"099912134","userStatus":0}

04:04:30.283 [main] INFO  com.intuit.karate - karate.env system property was: null 
04:04:30.289 [main] DEBUG com.intuit.karate - request:
1 > PUT https://petstore.swagger.io/v2/user/dchango
1 > Accept: application/json
1 > Content-Type: application/json; charset=UTF-8
1 > Content-Length: 53
1 > Host: petstore.swagger.io
1 > Connection: Keep-Alive
1 > User-Agent: Apache-HttpClient/4.5.14 (Java/17.0.9)
1 > Accept-Encoding: gzip,deflate
{"firstName":"Bernardo","email":"dchango.outlook.es"}

04:04:30.627 [main] DEBUG com.intuit.karate - response time in milliseconds: 337
1 < 200
1 < Date: Thu, 30 Nov 2023 09:04:36 GMT
1 < Content-Type: application/json
1 < Transfer-Encoding: chunked
1 < Connection: keep-alive
1 < Access-Control-Allow-Origin: *
1 < Access-Control-Allow-Methods: GET, POST, DELETE, PUT
1 < Access-Control-Allow-Headers: Content-Type, api_key, Authorization
1 < Server: Jetty(9.2.9.v20150224)
{"code":200,"type":"unknown","message":"0"}

04:04:30.632 [main] INFO  com.intuit.karate - karate.env system property was: null 
04:04:30.635 [main] DEBUG com.intuit.karate - request:
1 > GET https://petstore.swagger.io/v2/user/dchango
1 > Accept: application/json
1 > Host: petstore.swagger.io
1 > Connection: Keep-Alive
1 > User-Agent: Apache-HttpClient/4.5.14 (Java/17.0.9)
1 > Accept-Encoding: gzip,deflate


04:04:30.925 [main] DEBUG com.intuit.karate - response time in milliseconds: 289
1 < 200
1 < Date: Thu, 30 Nov 2023 09:04:36 GMT
1 < Content-Type: application/json
1 < Transfer-Encoding: chunked
1 < Connection: keep-alive
1 < Access-Control-Allow-Origin: *
1 < Access-Control-Allow-Methods: GET, POST, DELETE, PUT
1 < Access-Control-Allow-Headers: Content-Type, api_key, Authorization
1 < Server: Jetty(9.2.9.v20150224)
{"id":10,"username":"dchango","firstName":"David","lastName":"Chango","email":"dchango@gmail.com","password":"password","phone":"099912134","userStatus":0}

04:04:30.931 [main] INFO  com.intuit.karate - karate.env system property was: null 
04:04:30.934 [main] DEBUG com.intuit.karate - request:
1 > DELETE https://petstore.swagger.io/v2/user/dchango
1 > Host: petstore.swagger.io
1 > Connection: Keep-Alive
1 > User-Agent: Apache-HttpClient/4.5.14 (Java/17.0.9)
1 > Accept-Encoding: gzip,deflate


04:04:31.223 [main] DEBUG com.intuit.karate - response time in milliseconds: 288
1 < 200
1 < Date: Thu, 30 Nov 2023 09:04:36 GMT
1 < Content-Type: application/json
1 < Transfer-Encoding: chunked
1 < Connection: keep-alive
1 < Access-Control-Allow-Origin: *
1 < Access-Control-Allow-Methods: GET, POST, DELETE, PUT
1 < Access-Control-Allow-Headers: Content-Type, api_key, Authorization
1 < Server: Jetty(9.2.9.v20150224)
{"code":200,"type":"unknown","message":"dchango"}

04:09:16.970 [main] DEBUG com.intuit.karate.Suite - [config] classpath:karate-config.js
04:09:17.801 [main] INFO  com.intuit.karate - karate.env system property was: null 
04:09:18.071 [main] DEBUG com.intuit.karate - request:
1 > POST https://petstore.swagger.io/v2/user/createWithArray
1 > Accept: application/json
1 > Content-Type: application/json; charset=UTF-8
1 > Content-Length: 158
1 > Host: petstore.swagger.io
1 > Connection: Keep-Alive
1 > User-Agent: Apache-HttpClient/4.5.14 (Java/17.0.9)
1 > Accept-Encoding: gzip,deflate
[{"id":100,"username":"dchango","firstName":"David","lastName":"Chango","email":"dchango@gmail.com","password":"password","phone":"099912134","userStatus":0}]

04:09:18.710 [main] DEBUG com.intuit.karate - response time in milliseconds: 638
1 < 200
1 < Date: Thu, 30 Nov 2023 09:09:24 GMT
1 < Content-Type: application/json
1 < Transfer-Encoding: chunked
1 < Connection: keep-alive
1 < Access-Control-Allow-Origin: *
1 < Access-Control-Allow-Methods: GET, POST, DELETE, PUT
1 < Access-Control-Allow-Headers: Content-Type, api_key, Authorization
1 < Server: Jetty(9.2.9.v20150224)
{"code":200,"type":"unknown","message":"ok"}

04:09:18.732 [main] INFO  com.intuit.karate - karate.env system property was: null 
04:09:18.736 [main] DEBUG com.intuit.karate - request:
1 > GET https://petstore.swagger.io/v2/user/dchango
1 > Accept: application/json
1 > Host: petstore.swagger.io
1 > Connection: Keep-Alive
1 > User-Agent: Apache-HttpClient/4.5.14 (Java/17.0.9)
1 > Accept-Encoding: gzip,deflate


04:09:19.026 [main] DEBUG com.intuit.karate - response time in milliseconds: 290
1 < 200
1 < Date: Thu, 30 Nov 2023 09:09:24 GMT
1 < Content-Type: application/json
1 < Transfer-Encoding: chunked
1 < Connection: keep-alive
1 < Access-Control-Allow-Origin: *
1 < Access-Control-Allow-Methods: GET, POST, DELETE, PUT
1 < Access-Control-Allow-Headers: Content-Type, api_key, Authorization
1 < Server: Jetty(9.2.9.v20150224)
{"id":100,"username":"dchango","firstName":"David","lastName":"Chango","email":"dchango@gmail.com","password":"password","phone":"099912134","userStatus":0}

04:09:19.029 [main] INFO  com.intuit.karate - [print] updated user name is:  David 
04:09:19.030 [main] INFO  com.intuit.karate - [print] updated user email is:  dchango@gmail.com 
04:09:19.035 [main] INFO  com.intuit.karate - karate.env system property was: null 
04:09:19.038 [main] DEBUG com.intuit.karate - request:
1 > PUT https://petstore.swagger.io/v2/user/dchango
1 > Accept: application/json
1 > Content-Type: application/json; charset=UTF-8
1 > Content-Length: 53
1 > Host: petstore.swagger.io
1 > Connection: Keep-Alive
1 > User-Agent: Apache-HttpClient/4.5.14 (Java/17.0.9)
1 > Accept-Encoding: gzip,deflate
{"firstName":"Bernardo","email":"dchango.outlook.es"}

04:09:19.326 [main] DEBUG com.intuit.karate - response time in milliseconds: 288
1 < 200
1 < Date: Thu, 30 Nov 2023 09:09:24 GMT
1 < Content-Type: application/json
1 < Transfer-Encoding: chunked
1 < Connection: keep-alive
1 < Access-Control-Allow-Origin: *
1 < Access-Control-Allow-Methods: GET, POST, DELETE, PUT
1 < Access-Control-Allow-Headers: Content-Type, api_key, Authorization
1 < Server: Jetty(9.2.9.v20150224)
{"code":200,"type":"unknown","message":"0"}

04:09:19.334 [main] INFO  com.intuit.karate - karate.env system property was: null 
04:09:19.337 [main] DEBUG com.intuit.karate - request:
1 > GET https://petstore.swagger.io/v2/user/dchango
1 > Accept: application/json
1 > Host: petstore.swagger.io
1 > Connection: Keep-Alive
1 > User-Agent: Apache-HttpClient/4.5.14 (Java/17.0.9)
1 > Accept-Encoding: gzip,deflate


04:09:19.649 [main] DEBUG com.intuit.karate - response time in milliseconds: 311
1 < 200
1 < Date: Thu, 30 Nov 2023 09:09:25 GMT
1 < Content-Type: application/json
1 < Transfer-Encoding: chunked
1 < Connection: keep-alive
1 < Access-Control-Allow-Origin: *
1 < Access-Control-Allow-Methods: GET, POST, DELETE, PUT
1 < Access-Control-Allow-Headers: Content-Type, api_key, Authorization
1 < Server: Jetty(9.2.9.v20150224)
{"id":100,"username":"dchango","firstName":"David","lastName":"Chango","email":"dchango@gmail.com","password":"password","phone":"099912134","userStatus":0}

04:09:19.651 [main] INFO  com.intuit.karate - [print] updated user name is:  Bernardo 
04:09:19.652 [main] INFO  com.intuit.karate - [print] updated user email is:  dchango.outlook.es 
04:09:19.657 [main] INFO  com.intuit.karate - karate.env system property was: null 
04:09:19.659 [main] DEBUG com.intuit.karate - request:
1 > DELETE https://petstore.swagger.io/v2/user/dchango
1 > Host: petstore.swagger.io
1 > Connection: Keep-Alive
1 > User-Agent: Apache-HttpClient/4.5.14 (Java/17.0.9)
1 > Accept-Encoding: gzip,deflate


04:09:19.973 [main] DEBUG com.intuit.karate - response time in milliseconds: 314
1 < 200
1 < Date: Thu, 30 Nov 2023 09:09:25 GMT
1 < Content-Type: application/json
1 < Transfer-Encoding: chunked
1 < Connection: keep-alive
1 < Access-Control-Allow-Origin: *
1 < Access-Control-Allow-Methods: GET, POST, DELETE, PUT
1 < Access-Control-Allow-Headers: Content-Type, api_key, Authorization
1 < Server: Jetty(9.2.9.v20150224)
{"code":200,"type":"unknown","message":"dchango"}

04:10:48.339 [main] DEBUG com.intuit.karate.Suite - [config] classpath:karate-config.js
04:10:49.110 [main] INFO  com.intuit.karate - karate.env system property was: null 
04:10:49.369 [main] DEBUG com.intuit.karate - request:
1 > POST https://petstore.swagger.io/v2/user/createWithArray
1 > Accept: application/json
1 > Content-Type: application/json; charset=UTF-8
1 > Content-Length: 158
1 > Host: petstore.swagger.io
1 > Connection: Keep-Alive
1 > User-Agent: Apache-HttpClient/4.5.14 (Java/17.0.9)
1 > Accept-Encoding: gzip,deflate
[{"id":100,"username":"dchango","firstName":"David","lastName":"Chango","email":"dchango@gmail.com","password":"password","phone":"099912134","userStatus":0}]

04:10:50.014 [main] DEBUG com.intuit.karate - response time in milliseconds: 643
1 < 200
1 < Date: Thu, 30 Nov 2023 09:10:55 GMT
1 < Content-Type: application/json
1 < Transfer-Encoding: chunked
1 < Connection: keep-alive
1 < Access-Control-Allow-Origin: *
1 < Access-Control-Allow-Methods: GET, POST, DELETE, PUT
1 < Access-Control-Allow-Headers: Content-Type, api_key, Authorization
1 < Server: Jetty(9.2.9.v20150224)
{"code":200,"type":"unknown","message":"ok"}

04:10:50.033 [main] INFO  com.intuit.karate - karate.env system property was: null 
04:10:50.037 [main] DEBUG com.intuit.karate - request:
1 > GET https://petstore.swagger.io/v2/user/dchango
1 > Accept: application/json
1 > Host: petstore.swagger.io
1 > Connection: Keep-Alive
1 > User-Agent: Apache-HttpClient/4.5.14 (Java/17.0.9)
1 > Accept-Encoding: gzip,deflate


04:10:50.326 [main] DEBUG com.intuit.karate - response time in milliseconds: 289
1 < 200
1 < Date: Thu, 30 Nov 2023 09:10:55 GMT
1 < Content-Type: application/json
1 < Transfer-Encoding: chunked
1 < Connection: keep-alive
1 < Access-Control-Allow-Origin: *
1 < Access-Control-Allow-Methods: GET, POST, DELETE, PUT
1 < Access-Control-Allow-Headers: Content-Type, api_key, Authorization
1 < Server: Jetty(9.2.9.v20150224)
{"id":100,"username":"dchango","firstName":"David","lastName":"Chango","email":"dchango@gmail.com","password":"password","phone":"099912134","userStatus":0}

04:10:50.330 [main] INFO  com.intuit.karate - [print] updated user name is:  David 
04:10:50.333 [main] INFO  com.intuit.karate - [print] updated user email is:  dchango@gmail.com 
04:10:50.339 [main] INFO  com.intuit.karate - karate.env system property was: null 
04:10:50.342 [main] DEBUG com.intuit.karate - request:
1 > PUT https://petstore.swagger.io/v2/user/dchango
1 > Accept: application/json
1 > Content-Type: application/json; charset=UTF-8
1 > Content-Length: 53
1 > Host: petstore.swagger.io
1 > Connection: Keep-Alive
1 > User-Agent: Apache-HttpClient/4.5.14 (Java/17.0.9)
1 > Accept-Encoding: gzip,deflate
{"firstName":"Bernardo","email":"dchango@outlook.es"}

04:10:50.629 [main] DEBUG com.intuit.karate - response time in milliseconds: 286
1 < 200
1 < Date: Thu, 30 Nov 2023 09:10:56 GMT
1 < Content-Type: application/json
1 < Transfer-Encoding: chunked
1 < Connection: keep-alive
1 < Access-Control-Allow-Origin: *
1 < Access-Control-Allow-Methods: GET, POST, DELETE, PUT
1 < Access-Control-Allow-Headers: Content-Type, api_key, Authorization
1 < Server: Jetty(9.2.9.v20150224)
{"code":200,"type":"unknown","message":"0"}

04:10:50.637 [main] INFO  com.intuit.karate - karate.env system property was: null 
04:10:50.640 [main] DEBUG com.intuit.karate - request:
1 > GET https://petstore.swagger.io/v2/user/dchango
1 > Accept: application/json
1 > Host: petstore.swagger.io
1 > Connection: Keep-Alive
1 > User-Agent: Apache-HttpClient/4.5.14 (Java/17.0.9)
1 > Accept-Encoding: gzip,deflate


04:10:50.930 [main] DEBUG com.intuit.karate - response time in milliseconds: 290
1 < 200
1 < Date: Thu, 30 Nov 2023 09:10:56 GMT
1 < Content-Type: application/json
1 < Transfer-Encoding: chunked
1 < Connection: keep-alive
1 < Access-Control-Allow-Origin: *
1 < Access-Control-Allow-Methods: GET, POST, DELETE, PUT
1 < Access-Control-Allow-Headers: Content-Type, api_key, Authorization
1 < Server: Jetty(9.2.9.v20150224)
{"id":100,"username":"dchango","firstName":"David","lastName":"Chango","email":"dchango@gmail.com","password":"password","phone":"099912134","userStatus":0}

04:10:50.932 [main] INFO  com.intuit.karate - [print] updated user name is:  Bernardo 
04:10:50.933 [main] INFO  com.intuit.karate - [print] updated user email is:  dchango@outlook.es 
04:10:50.939 [main] INFO  com.intuit.karate - karate.env system property was: null 
04:10:50.942 [main] DEBUG com.intuit.karate - request:
1 > DELETE https://petstore.swagger.io/v2/user/dchango
1 > Host: petstore.swagger.io
1 > Connection: Keep-Alive
1 > User-Agent: Apache-HttpClient/4.5.14 (Java/17.0.9)
1 > Accept-Encoding: gzip,deflate


04:10:51.230 [main] DEBUG com.intuit.karate - response time in milliseconds: 287
1 < 200
1 < Date: Thu, 30 Nov 2023 09:10:56 GMT
1 < Content-Type: application/json
1 < Transfer-Encoding: chunked
1 < Connection: keep-alive
1 < Access-Control-Allow-Origin: *
1 < Access-Control-Allow-Methods: GET, POST, DELETE, PUT
1 < Access-Control-Allow-Headers: Content-Type, api_key, Authorization
1 < Server: Jetty(9.2.9.v20150224)
{"code":200,"type":"unknown","message":"dchango"}

04:14:51.637 [main] ERROR com.intuit.karate.core.FeatureParser - not a valid feature file: users/users.feature - mismatched input '{' expecting <EOF>
04:15:14.408 [main] DEBUG com.intuit.karate.Suite - [config] classpath:karate-config.js
04:15:15.131 [main] INFO  com.intuit.karate - karate.env system property was: null 
04:15:15.403 [main] DEBUG com.intuit.karate - request:
1 > POST https://petstore.swagger.io/v2/user/createWithArray
1 > Accept: application/json
1 > Content-Type: application/json; charset=UTF-8
1 > Content-Length: 158
1 > Host: petstore.swagger.io
1 > Connection: Keep-Alive
1 > User-Agent: Apache-HttpClient/4.5.14 (Java/17.0.9)
1 > Accept-Encoding: gzip,deflate
[{"id":100,"username":"dchango","firstName":"David","lastName":"Chango","email":"dchango@gmail.com","password":"password","phone":"099912134","userStatus":0}]

04:15:16.013 [main] DEBUG com.intuit.karate - response time in milliseconds: 606
1 < 200
1 < Date: Thu, 30 Nov 2023 09:15:21 GMT
1 < Content-Type: application/json
1 < Transfer-Encoding: chunked
1 < Connection: keep-alive
1 < Access-Control-Allow-Origin: *
1 < Access-Control-Allow-Methods: GET, POST, DELETE, PUT
1 < Access-Control-Allow-Headers: Content-Type, api_key, Authorization
1 < Server: Jetty(9.2.9.v20150224)
{"code":200,"type":"unknown","message":"ok"}

04:15:16.034 [main] INFO  com.intuit.karate - karate.env system property was: null 
04:15:16.039 [main] DEBUG com.intuit.karate - request:
1 > GET https://petstore.swagger.io/v2/user/dchango
1 > Accept: application/json
1 > Host: petstore.swagger.io
1 > Connection: Keep-Alive
1 > User-Agent: Apache-HttpClient/4.5.14 (Java/17.0.9)
1 > Accept-Encoding: gzip,deflate


04:15:16.363 [main] DEBUG com.intuit.karate - response time in milliseconds: 320
1 < 200
1 < Date: Thu, 30 Nov 2023 09:15:21 GMT
1 < Content-Type: application/json
1 < Transfer-Encoding: chunked
1 < Connection: keep-alive
1 < Access-Control-Allow-Origin: *
1 < Access-Control-Allow-Methods: GET, POST, DELETE, PUT
1 < Access-Control-Allow-Headers: Content-Type, api_key, Authorization
1 < Server: Jetty(9.2.9.v20150224)
{"id":100,"username":"dchango","firstName":"David","lastName":"Chango","email":"dchango@gmail.com","password":"password","phone":"099912134","userStatus":0}

04:15:16.368 [main] INFO  com.intuit.karate - karate.env system property was: null 
04:15:16.371 [main] DEBUG com.intuit.karate - request:
1 > PUT https://petstore.swagger.io/v2/user/dchango
1 > Accept: application/json
1 > Content-Type: application/json; charset=UTF-8
1 > Content-Length: 53
1 > Host: petstore.swagger.io
1 > Connection: Keep-Alive
1 > User-Agent: Apache-HttpClient/4.5.14 (Java/17.0.9)
1 > Accept-Encoding: gzip,deflate
{"firstName":"Bernardo","email":"dchango@outlook.es"}

04:15:16.684 [main] DEBUG com.intuit.karate - response time in milliseconds: 312
1 < 200
1 < Date: Thu, 30 Nov 2023 09:15:22 GMT
1 < Content-Type: application/json
1 < Transfer-Encoding: chunked
1 < Connection: keep-alive
1 < Access-Control-Allow-Origin: *
1 < Access-Control-Allow-Methods: GET, POST, DELETE, PUT
1 < Access-Control-Allow-Headers: Content-Type, api_key, Authorization
1 < Server: Jetty(9.2.9.v20150224)
{"code":200,"type":"unknown","message":"0"}

04:15:16.690 [main] INFO  com.intuit.karate - karate.env system property was: null 
04:15:16.693 [main] DEBUG com.intuit.karate - request:
1 > GET https://petstore.swagger.io/v2/user/dchango
1 > Accept: application/json
1 > Host: petstore.swagger.io
1 > Connection: Keep-Alive
1 > User-Agent: Apache-HttpClient/4.5.14 (Java/17.0.9)
1 > Accept-Encoding: gzip,deflate


04:15:17.003 [main] DEBUG com.intuit.karate - response time in milliseconds: 309
1 < 200
1 < Date: Thu, 30 Nov 2023 09:15:22 GMT
1 < Content-Type: application/json
1 < Transfer-Encoding: chunked
1 < Connection: keep-alive
1 < Access-Control-Allow-Origin: *
1 < Access-Control-Allow-Methods: GET, POST, DELETE, PUT
1 < Access-Control-Allow-Headers: Content-Type, api_key, Authorization
1 < Server: Jetty(9.2.9.v20150224)
{"id":100,"username":"dchango","firstName":"David","lastName":"Chango","email":"dchango@gmail.com","password":"password","phone":"099912134","userStatus":0}

04:15:17.007 [main] INFO  com.intuit.karate - [print] updated user name is:  Bernardo 
04:15:17.009 [main] INFO  com.intuit.karate - [print] updated user email is:  dchango@outlook.es 
04:15:17.015 [main] INFO  com.intuit.karate - karate.env system property was: null 
04:15:17.017 [main] DEBUG com.intuit.karate - request:
1 > DELETE https://petstore.swagger.io/v2/user/dchango
1 > Host: petstore.swagger.io
1 > Connection: Keep-Alive
1 > User-Agent: Apache-HttpClient/4.5.14 (Java/17.0.9)
1 > Accept-Encoding: gzip,deflate


04:15:17.330 [main] DEBUG com.intuit.karate - response time in milliseconds: 312
1 < 200
1 < Date: Thu, 30 Nov 2023 09:15:22 GMT
1 < Content-Type: application/json
1 < Transfer-Encoding: chunked
1 < Connection: keep-alive
1 < Access-Control-Allow-Origin: *
1 < Access-Control-Allow-Methods: GET, POST, DELETE, PUT
1 < Access-Control-Allow-Headers: Content-Type, api_key, Authorization
1 < Server: Jetty(9.2.9.v20150224)
{"code":200,"type":"unknown","message":"dchango"}

08:45:51.323 [main] DEBUG com.intuit.karate.Suite - [config] classpath:karate-config.js
08:45:52.347 [main] INFO  com.intuit.karate - karate.env system property was: null 
08:45:52.718 [main] DEBUG com.intuit.karate - request:
1 > POST https://petstore.swagger.io/v2/user/createWithArray
1 > Accept: application/json
1 > Content-Type: application/json; charset=UTF-8
1 > Content-Length: 158
1 > Host: petstore.swagger.io
1 > Connection: Keep-Alive
1 > User-Agent: Apache-HttpClient/4.5.14 (Java/17.0.9)
1 > Accept-Encoding: gzip,deflate
[{"id":100,"username":"dchango","firstName":"David","lastName":"Chango","email":"dchango@gmail.com","password":"password","phone":"099912134","userStatus":0}]

08:45:53.432 [main] DEBUG com.intuit.karate - response time in milliseconds: 705
1 < 200
1 < Date: Thu, 30 Nov 2023 13:46:00 GMT
1 < Content-Type: application/json
1 < Transfer-Encoding: chunked
1 < Connection: keep-alive
1 < Access-Control-Allow-Origin: *
1 < Access-Control-Allow-Methods: GET, POST, DELETE, PUT
1 < Access-Control-Allow-Headers: Content-Type, api_key, Authorization
1 < Server: Jetty(9.2.9.v20150224)
{"code":200,"type":"unknown","message":"ok"}

08:45:53.472 [main] INFO  com.intuit.karate - karate.env system property was: null 
08:45:53.483 [main] DEBUG com.intuit.karate - request:
1 > GET https://petstore.swagger.io/v2/user/dchango
1 > Accept: application/json
1 > Host: petstore.swagger.io
1 > Connection: Keep-Alive
1 > User-Agent: Apache-HttpClient/4.5.14 (Java/17.0.9)
1 > Accept-Encoding: gzip,deflate


08:45:53.790 [main] DEBUG com.intuit.karate - response time in milliseconds: 306
1 < 200
1 < Date: Thu, 30 Nov 2023 13:46:00 GMT
1 < Content-Type: application/json
1 < Transfer-Encoding: chunked
1 < Connection: keep-alive
1 < Access-Control-Allow-Origin: *
1 < Access-Control-Allow-Methods: GET, POST, DELETE, PUT
1 < Access-Control-Allow-Headers: Content-Type, api_key, Authorization
1 < Server: Jetty(9.2.9.v20150224)
{"id":100,"username":"dchango","firstName":"David","lastName":"Chango","email":"dchango@gmail.com","password":"password","phone":"099912134","userStatus":0}

08:45:53.814 [main] INFO  com.intuit.karate - karate.env system property was: null 
08:45:53.825 [main] DEBUG com.intuit.karate - request:
1 > PUT https://petstore.swagger.io/v2/user/dchango
1 > Accept: application/json
1 > Content-Type: application/json; charset=UTF-8
1 > Content-Length: 53
1 > Host: petstore.swagger.io
1 > Connection: Keep-Alive
1 > User-Agent: Apache-HttpClient/4.5.14 (Java/17.0.9)
1 > Accept-Encoding: gzip,deflate
{"firstName":"Bernardo","email":"dchango@outlook.es"}

08:45:54.129 [main] DEBUG com.intuit.karate - response time in milliseconds: 302
1 < 200
1 < Date: Thu, 30 Nov 2023 13:46:01 GMT
1 < Content-Type: application/json
1 < Transfer-Encoding: chunked
1 < Connection: keep-alive
1 < Access-Control-Allow-Origin: *
1 < Access-Control-Allow-Methods: GET, POST, DELETE, PUT
1 < Access-Control-Allow-Headers: Content-Type, api_key, Authorization
1 < Server: Jetty(9.2.9.v20150224)
{"code":200,"type":"unknown","message":"0"}

08:45:54.147 [main] INFO  com.intuit.karate - karate.env system property was: null 
08:45:54.153 [main] DEBUG com.intuit.karate - request:
1 > GET https://petstore.swagger.io/v2/user/dchango
1 > Accept: application/json
1 > Host: petstore.swagger.io
1 > Connection: Keep-Alive
1 > User-Agent: Apache-HttpClient/4.5.14 (Java/17.0.9)
1 > Accept-Encoding: gzip,deflate


08:45:54.485 [main] DEBUG com.intuit.karate - response time in milliseconds: 331
1 < 200
1 < Date: Thu, 30 Nov 2023 13:46:01 GMT
1 < Content-Type: application/json
1 < Transfer-Encoding: chunked
1 < Connection: keep-alive
1 < Access-Control-Allow-Origin: *
1 < Access-Control-Allow-Methods: GET, POST, DELETE, PUT
1 < Access-Control-Allow-Headers: Content-Type, api_key, Authorization
1 < Server: Jetty(9.2.9.v20150224)
{"id":100,"username":"dchango","firstName":"David","lastName":"Chango","email":"dchango@gmail.com","password":"password","phone":"099912134","userStatus":0}

08:45:54.492 [main] INFO  com.intuit.karate - [print] updated user name is:  Bernardo 
08:45:54.495 [main] INFO  com.intuit.karate - [print] updated user email is:  dchango@outlook.es 
08:45:54.506 [main] INFO  com.intuit.karate - karate.env system property was: null 
08:45:54.512 [main] DEBUG com.intuit.karate - request:
1 > DELETE https://petstore.swagger.io/v2/user/dchango
1 > Host: petstore.swagger.io
1 > Connection: Keep-Alive
1 > User-Agent: Apache-HttpClient/4.5.14 (Java/17.0.9)
1 > Accept-Encoding: gzip,deflate


08:45:54.810 [main] DEBUG com.intuit.karate - response time in milliseconds: 297
1 < 200
1 < Date: Thu, 30 Nov 2023 13:46:01 GMT
1 < Content-Type: application/json
1 < Transfer-Encoding: chunked
1 < Connection: keep-alive
1 < Access-Control-Allow-Origin: *
1 < Access-Control-Allow-Methods: GET, POST, DELETE, PUT
1 < Access-Control-Allow-Headers: Content-Type, api_key, Authorization
1 < Server: Jetty(9.2.9.v20150224)
{"code":200,"type":"unknown","message":"dchango"}

08:48:04.851 [main] DEBUG com.intuit.karate.Suite - [config] classpath:karate-config.js
08:48:06.001 [main] INFO  com.intuit.karate - karate.env system property was: null 
08:48:06.433 [main] DEBUG com.intuit.karate - request:
1 > POST https://petstore.swagger.io/v2/user/createWithArray
1 > Accept: application/json
1 > Content-Type: application/json; charset=UTF-8
1 > Content-Length: 158
1 > Host: petstore.swagger.io
1 > Connection: Keep-Alive
1 > User-Agent: Apache-HttpClient/4.5.14 (Java/17.0.9)
1 > Accept-Encoding: gzip,deflate
[{"id":100,"username":"dchango","firstName":"David","lastName":"Chango","email":"dchango@gmail.com","password":"password","phone":"099912134","userStatus":0}]

08:48:07.115 [main] DEBUG com.intuit.karate - response time in milliseconds: 677
1 < 200
1 < Date: Thu, 30 Nov 2023 13:48:14 GMT
1 < Content-Type: application/json
1 < Transfer-Encoding: chunked
1 < Connection: keep-alive
1 < Access-Control-Allow-Origin: *
1 < Access-Control-Allow-Methods: GET, POST, DELETE, PUT
1 < Access-Control-Allow-Headers: Content-Type, api_key, Authorization
1 < Server: Jetty(9.2.9.v20150224)
{"code":200,"type":"unknown","message":"ok"}

08:48:07.138 [main] INFO  com.intuit.karate - karate.env system property was: null 
08:48:07.145 [main] DEBUG com.intuit.karate - request:
1 > GET https://petstore.swagger.io/v2/user/dchango
1 > Accept: application/json
1 > Host: petstore.swagger.io
1 > Connection: Keep-Alive
1 > User-Agent: Apache-HttpClient/4.5.14 (Java/17.0.9)
1 > Accept-Encoding: gzip,deflate


08:48:07.447 [main] DEBUG com.intuit.karate - response time in milliseconds: 301
1 < 200
1 < Date: Thu, 30 Nov 2023 13:48:14 GMT
1 < Content-Type: application/json
1 < Transfer-Encoding: chunked
1 < Connection: keep-alive
1 < Access-Control-Allow-Origin: *
1 < Access-Control-Allow-Methods: GET, POST, DELETE, PUT
1 < Access-Control-Allow-Headers: Content-Type, api_key, Authorization
1 < Server: Jetty(9.2.9.v20150224)
{"id":100,"username":"dchango","firstName":"David","lastName":"Chango","email":"dchango@gmail.com","password":"password","phone":"099912134","userStatus":0}

08:48:07.461 [main] INFO  com.intuit.karate - karate.env system property was: null 
08:48:07.466 [main] DEBUG com.intuit.karate - request:
1 > PUT https://petstore.swagger.io/v2/user/dchango
1 > Accept: application/json
1 > Content-Type: application/json; charset=UTF-8
1 > Content-Length: 53
1 > Host: petstore.swagger.io
1 > Connection: Keep-Alive
1 > User-Agent: Apache-HttpClient/4.5.14 (Java/17.0.9)
1 > Accept-Encoding: gzip,deflate
{"firstName":"Bernardo","email":"dchango@outlook.es"}

08:48:07.771 [main] DEBUG com.intuit.karate - response time in milliseconds: 303
1 < 200
1 < Date: Thu, 30 Nov 2023 13:48:14 GMT
1 < Content-Type: application/json
1 < Transfer-Encoding: chunked
1 < Connection: keep-alive
1 < Access-Control-Allow-Origin: *
1 < Access-Control-Allow-Methods: GET, POST, DELETE, PUT
1 < Access-Control-Allow-Headers: Content-Type, api_key, Authorization
1 < Server: Jetty(9.2.9.v20150224)
{"code":200,"type":"unknown","message":"0"}

08:48:07.783 [main] INFO  com.intuit.karate - karate.env system property was: null 
08:48:07.786 [main] DEBUG com.intuit.karate - request:
1 > GET https://petstore.swagger.io/v2/user/dchango
1 > Accept: application/json
1 > Host: petstore.swagger.io
1 > Connection: Keep-Alive
1 > User-Agent: Apache-HttpClient/4.5.14 (Java/17.0.9)
1 > Accept-Encoding: gzip,deflate


08:48:08.090 [main] DEBUG com.intuit.karate - response time in milliseconds: 303
1 < 200
1 < Date: Thu, 30 Nov 2023 13:48:15 GMT
1 < Content-Type: application/json
1 < Transfer-Encoding: chunked
1 < Connection: keep-alive
1 < Access-Control-Allow-Origin: *
1 < Access-Control-Allow-Methods: GET, POST, DELETE, PUT
1 < Access-Control-Allow-Headers: Content-Type, api_key, Authorization
1 < Server: Jetty(9.2.9.v20150224)
{"id":100,"username":"dchango","firstName":"David","lastName":"Chango","email":"dchango@gmail.com","password":"password","phone":"099912134","userStatus":0}

08:48:08.095 [main] INFO  com.intuit.karate - [print] updated user name is:  Bernardo 
08:48:08.097 [main] INFO  com.intuit.karate - [print] updated user email is:  dchango@outlook.es 
08:48:08.104 [main] INFO  com.intuit.karate - karate.env system property was: null 
08:48:08.110 [main] DEBUG com.intuit.karate - request:
1 > DELETE https://petstore.swagger.io/v2/user/dchango
1 > Host: petstore.swagger.io
1 > Connection: Keep-Alive
1 > User-Agent: Apache-HttpClient/4.5.14 (Java/17.0.9)
1 > Accept-Encoding: gzip,deflate


08:48:08.410 [main] DEBUG com.intuit.karate - response time in milliseconds: 299
1 < 200
1 < Date: Thu, 30 Nov 2023 13:48:15 GMT
1 < Content-Type: application/json
1 < Transfer-Encoding: chunked
1 < Connection: keep-alive
1 < Access-Control-Allow-Origin: *
1 < Access-Control-Allow-Methods: GET, POST, DELETE, PUT
1 < Access-Control-Allow-Headers: Content-Type, api_key, Authorization
1 < Server: Jetty(9.2.9.v20150224)
{"code":200,"type":"unknown","message":"dchango"}

08:54:19.725 [main] DEBUG com.intuit.karate.Suite - [config] classpath:karate-config.js
08:54:20.673 [main] INFO  com.intuit.karate - karate.env system property was: null 
08:54:21.100 [main] DEBUG com.intuit.karate - request:
1 > POST https://petstore.swagger.io/v2/user/createWithArray
1 > Accept: application/json
1 > Content-Type: application/json; charset=UTF-8
1 > Content-Length: 158
1 > Host: petstore.swagger.io
1 > Connection: Keep-Alive
1 > User-Agent: Apache-HttpClient/4.5.14 (Java/17.0.9)
1 > Accept-Encoding: gzip,deflate
[{"id":100,"username":"dchango","firstName":"David","lastName":"Chango","email":"dchango@gmail.com","password":"password","phone":"099912134","userStatus":0}]

08:54:21.745 [main] DEBUG com.intuit.karate - response time in milliseconds: 642
1 < 200
1 < Date: Thu, 30 Nov 2023 13:54:28 GMT
1 < Content-Type: application/json
1 < Transfer-Encoding: chunked
1 < Connection: keep-alive
1 < Access-Control-Allow-Origin: *
1 < Access-Control-Allow-Methods: GET, POST, DELETE, PUT
1 < Access-Control-Allow-Headers: Content-Type, api_key, Authorization
1 < Server: Jetty(9.2.9.v20150224)
{"code":200,"type":"unknown","message":"ok"}

08:54:21.767 [main] INFO  com.intuit.karate - karate.env system property was: null 
08:54:21.773 [main] DEBUG com.intuit.karate - request:
1 > GET https://petstore.swagger.io/v2/user/dchango
1 > Accept: application/json
1 > Host: petstore.swagger.io
1 > Connection: Keep-Alive
1 > User-Agent: Apache-HttpClient/4.5.14 (Java/17.0.9)
1 > Accept-Encoding: gzip,deflate


08:54:22.082 [main] DEBUG com.intuit.karate - response time in milliseconds: 308
1 < 200
1 < Date: Thu, 30 Nov 2023 13:54:29 GMT
1 < Content-Type: application/json
1 < Transfer-Encoding: chunked
1 < Connection: keep-alive
1 < Access-Control-Allow-Origin: *
1 < Access-Control-Allow-Methods: GET, POST, DELETE, PUT
1 < Access-Control-Allow-Headers: Content-Type, api_key, Authorization
1 < Server: Jetty(9.2.9.v20150224)
{"id":100,"username":"dchango","firstName":"David","lastName":"Chango","email":"dchango@gmail.com","password":"password","phone":"099912134","userStatus":0}

08:54:22.094 [main] INFO  com.intuit.karate - karate.env system property was: null 
08:54:22.102 [main] DEBUG com.intuit.karate - request:
1 > PUT https://petstore.swagger.io/v2/user/dchango
1 > Accept: application/json
1 > Content-Type: application/json; charset=UTF-8
1 > Content-Length: 53
1 > Host: petstore.swagger.io
1 > Connection: Keep-Alive
1 > User-Agent: Apache-HttpClient/4.5.14 (Java/17.0.9)
1 > Accept-Encoding: gzip,deflate
{"firstName":"Bernardo","email":"dchango@outlook.es"}

08:54:22.409 [main] DEBUG com.intuit.karate - response time in milliseconds: 306
1 < 200
1 < Date: Thu, 30 Nov 2023 13:54:29 GMT
1 < Content-Type: application/json
1 < Transfer-Encoding: chunked
1 < Connection: keep-alive
1 < Access-Control-Allow-Origin: *
1 < Access-Control-Allow-Methods: GET, POST, DELETE, PUT
1 < Access-Control-Allow-Headers: Content-Type, api_key, Authorization
1 < Server: Jetty(9.2.9.v20150224)
{"code":200,"type":"unknown","message":"0"}

08:54:22.420 [main] INFO  com.intuit.karate - karate.env system property was: null 
08:54:22.428 [main] DEBUG com.intuit.karate - request:
1 > GET https://petstore.swagger.io/v2/user/dchango
1 > Accept: application/json
1 > Host: petstore.swagger.io
1 > Connection: Keep-Alive
1 > User-Agent: Apache-HttpClient/4.5.14 (Java/17.0.9)
1 > Accept-Encoding: gzip,deflate


08:54:22.724 [main] DEBUG com.intuit.karate - response time in milliseconds: 295
1 < 200
1 < Date: Thu, 30 Nov 2023 13:54:29 GMT
1 < Content-Type: application/json
1 < Transfer-Encoding: chunked
1 < Connection: keep-alive
1 < Access-Control-Allow-Origin: *
1 < Access-Control-Allow-Methods: GET, POST, DELETE, PUT
1 < Access-Control-Allow-Headers: Content-Type, api_key, Authorization
1 < Server: Jetty(9.2.9.v20150224)
{"id":100,"username":"dchango","firstName":"David","lastName":"Chango","email":"dchango@gmail.com","password":"password","phone":"099912134","userStatus":0}

08:54:22.729 [main] INFO  com.intuit.karate - [print] updated user name is:  Bernardo 
08:54:22.730 [main] INFO  com.intuit.karate - [print] updated user email is:  dchango@outlook.es 
08:54:22.738 [main] INFO  com.intuit.karate - karate.env system property was: null 
08:54:22.743 [main] DEBUG com.intuit.karate - request:
1 > DELETE https://petstore.swagger.io/v2/user/dchango
1 > Host: petstore.swagger.io
1 > Connection: Keep-Alive
1 > User-Agent: Apache-HttpClient/4.5.14 (Java/17.0.9)
1 > Accept-Encoding: gzip,deflate


08:54:23.048 [main] DEBUG com.intuit.karate - response time in milliseconds: 304
1 < 200
1 < Date: Thu, 30 Nov 2023 13:54:30 GMT
1 < Content-Type: application/json
1 < Transfer-Encoding: chunked
1 < Connection: keep-alive
1 < Access-Control-Allow-Origin: *
1 < Access-Control-Allow-Methods: GET, POST, DELETE, PUT
1 < Access-Control-Allow-Headers: Content-Type, api_key, Authorization
1 < Server: Jetty(9.2.9.v20150224)
{"code":200,"type":"unknown","message":"dchango"}

